::1 - - [11/Aug/2017:18:58:25 +0000] "GET /robots.txt HTTP/1.1" 200 26 "-" "Mozilla/5.0 (Macintosh; Intel Mac OS X 10_12_5) AppleWebKit/537.36 (KHTML, like Gecko) Chrome/59.0.3071.115 Safari/537.36"
::1 - - [11/Aug/2017:18:58:29 +0000] "GET / HTTP/1.1" 500 21 "-" "Mozilla/5.0 (Macintosh; Intel Mac OS X 10_12_5) AppleWebKit/537.36 (KHTML, like Gecko) Chrome/59.0.3071.115 Safari/537.36"
::1 - - [11/Aug/2017:19:02:57 +0000] "GET / HTTP/1.1" 500 21 "-" "Mozilla/5.0 (Macintosh; Intel Mac OS X 10_12_5) AppleWebKit/537.36 (KHTML, like Gecko) Chrome/59.0.3071.115 Safari/537.36"
::1 - - [11/Aug/2017:19:04:52 +0000] "GET / HTTP/1.1" 500 21 "-" "Mozilla/5.0 (Macintosh; Intel Mac OS X 10_12_5) AppleWebKit/537.36 (KHTML, like Gecko) Chrome/59.0.3071.115 Safari/537.36"
::1 - - [11/Aug/2017:19:04:55 +0000] "GET / HTTP/1.1" 500 21 "-" "Mozilla/5.0 (Macintosh; Intel Mac OS X 10_12_5) AppleWebKit/537.36 (KHTML, like Gecko) Chrome/59.0.3071.115 Safari/537.36"
::1 - - [11/Aug/2017:19:04:58 +0000] "GET / HTTP/1.1" 500 21 "-" "Mozilla/5.0 (Macintosh; Intel Mac OS X 10_12_5) AppleWebKit/537.36 (KHTML, like Gecko) Chrome/59.0.3071.115 Safari/537.36"
::1 - - [11/Aug/2017:19:05:08 +0000] "GET / HTTP/1.1" 500 21 "-" "Mozilla/5.0 (Macintosh; Intel Mac OS X 10_12_5) AppleWebKit/537.36 (KHTML, like Gecko) Chrome/59.0.3071.115 Safari/537.36"
::1 - - [11/Aug/2017:19:05:09 +0000] "GET / HTTP/1.1" 500 21 "-" "Mozilla/5.0 (Macintosh; Intel Mac OS X 10_12_5) AppleWebKit/537.36 (KHTML, like Gecko) Chrome/59.0.3071.115 Safari/537.36"
::1 - - [11/Aug/2017:19:05:14 +0000] "GET / HTTP/1.1" 500 21 "-" "Mozilla/5.0 (Macintosh; Intel Mac OS X 10_12_5) AppleWebKit/537.36 (KHTML, like Gecko) Chrome/59.0.3071.115 Safari/537.36"
::1 - - [11/Aug/2017:19:05:16 +0000] "GET / HTTP/1.1" 500 21 "-" "Mozilla/5.0 (Macintosh; Intel Mac OS X 10_12_5) AppleWebKit/537.36 (KHTML, like Gecko) Chrome/59.0.3071.115 Safari/537.36"
::1 - - [11/Aug/2017:19:05:28 +0000] "GET / HTTP/1.1" 500 21 "-" "Mozilla/5.0 (Macintosh; Intel Mac OS X 10_12_5) AppleWebKit/537.36 (KHTML, like Gecko) Chrome/59.0.3071.115 Safari/537.36"
::1 - - [11/Aug/2017:19:05:46 +0000] "GET / HTTP/1.1" 500 21 "-" "Mozilla/5.0 (Macintosh; Intel Mac OS X 10_12_5) AppleWebKit/537.36 (KHTML, like Gecko) Chrome/59.0.3071.115 Safari/537.36"
::1 - - [11/Aug/2017:19:11:37 +0000] "GET / HTTP/1.1" 500 21 "-" "Mozilla/5.0 (Macintosh; Intel Mac OS X 10_12_5) AppleWebKit/537.36 (KHTML, like Gecko) Chrome/59.0.3071.115 Safari/537.36"
::1 - - [11/Aug/2017:19:15:25 +0000] "GET / HTTP/1.1" 200 - "-" "Mozilla/5.0 (Macintosh; Intel Mac OS X 10_12_5) AppleWebKit/537.36 (KHTML, like Gecko) Chrome/59.0.3071.115 Safari/537.36"
::1 - - [11/Aug/2017:19:15:25 +0000] "GET /styles.css HTTP/1.1" 200 - "https://localhost:5553/" "Mozilla/5.0 (Macintosh; Intel Mac OS X 10_12_5) AppleWebKit/537.36 (KHTML, like Gecko) Chrome/59.0.3071.115 Safari/537.36"
::1 - - [11/Aug/2017:19:15:25 +0000] "GET /hammer.min.js HTTP/1.1" 200 - "https://localhost:5553/" "Mozilla/5.0 (Macintosh; Intel Mac OS X 10_12_5) AppleWebKit/537.36 (KHTML, like Gecko) Chrome/59.0.3071.115 Safari/537.36"
::1 - - [11/Aug/2017:19:15:25 +0000] "GET /index.js HTTP/1.1" 200 265880 "https://localhost:5553/" "Mozilla/5.0 (Macintosh; Intel Mac OS X 10_12_5) AppleWebKit/537.36 (KHTML, like Gecko) Chrome/59.0.3071.115 Safari/537.36"
::1 - - [11/Aug/2017:19:15:26 +0000] "GET /0.index.js HTTP/1.1" 200 - "https://localhost:5553/" "Mozilla/5.0 (Macintosh; Intel Mac OS X 10_12_5) AppleWebKit/537.36 (KHTML, like Gecko) Chrome/59.0.3071.115 Safari/537.36"
::1 - - [11/Aug/2017:19:16:11 +0000] "GET /assets/icon/apple-icon.png HTTP/1.1" 200 10290 "-" "Mozilla/5.0 (Macintosh; Intel Mac OS X 10_12_5) AppleWebKit/537.36 (KHTML, like Gecko) Chrome/59.0.3071.115 Safari/537.36"
::1 - - [11/Aug/2017:19:16:12 +0000] "GET / HTTP/1.1" 200 - "-" "Mozilla/5.0 (Macintosh; Intel Mac OS X 10_12_5) AppleWebKit/537.36 (KHTML, like Gecko) Chrome/59.0.3071.115 Safari/537.36"
::1 - - [11/Aug/2017:19:16:12 +0000] "GET /styles.css HTTP/1.1" 200 - "https://localhost:5553/" "Mozilla/5.0 (Macintosh; Intel Mac OS X 10_12_5) AppleWebKit/537.36 (KHTML, like Gecko) Chrome/59.0.3071.115 Safari/537.36"
::1 - - [11/Aug/2017:19:16:13 +0000] "GET /0.index.js HTTP/1.1" 200 - "https://localhost:5553/" "Mozilla/5.0 (Macintosh; Intel Mac OS X 10_12_5) AppleWebKit/537.36 (KHTML, like Gecko) Chrome/59.0.3071.115 Safari/537.36"
::1 - - [11/Aug/2017:19:16:21 +0000] "GET / HTTP/1.1" 200 - "-" "Mozilla/5.0 (Macintosh; Intel Mac OS X 10_12_5) AppleWebKit/537.36 (KHTML, like Gecko) Chrome/59.0.3071.115 Safari/537.36"
::1 - - [11/Aug/2017:19:16:21 +0000] "GET /styles.css HTTP/1.1" 200 - "https://localhost:5553/" "Mozilla/5.0 (Macintosh; Intel Mac OS X 10_12_5) AppleWebKit/537.36 (KHTML, like Gecko) Chrome/59.0.3071.115 Safari/537.36"
::1 - - [11/Aug/2017:19:16:21 +0000] "GET /hammer.min.js HTTP/1.1" 200 - "https://localhost:5553/" "Mozilla/5.0 (Macintosh; Intel Mac OS X 10_12_5) AppleWebKit/537.36 (KHTML, like Gecko) Chrome/59.0.3071.115 Safari/537.36"
::1 - - [11/Aug/2017:19:16:21 +0000] "GET /index.js HTTP/1.1" 200 265880 "https://localhost:5553/" "Mozilla/5.0 (Macintosh; Intel Mac OS X 10_12_5) AppleWebKit/537.36 (KHTML, like Gecko) Chrome/59.0.3071.115 Safari/537.36"
::1 - - [11/Aug/2017:19:16:22 +0000] "GET /0.index.js HTTP/1.1" 200 - "https://localhost:5553/" "Mozilla/5.0 (Macintosh; Intel Mac OS X 10_12_5) AppleWebKit/537.36 (KHTML, like Gecko) Chrome/59.0.3071.115 Safari/537.36"
::1 - - [11/Aug/2017:19:19:35 +0000] "GET / HTTP/1.1" 200 - "-" "Mozilla/5.0 (Macintosh; Intel Mac OS X 10_12_5) AppleWebKit/537.36 (KHTML, like Gecko) Chrome/59.0.3071.115 Safari/537.36"
::1 - - [11/Aug/2017:19:19:35 +0000] "GET /styles.css HTTP/1.1" 200 - "https://localhost:5553/" "Mozilla/5.0 (Macintosh; Intel Mac OS X 10_12_5) AppleWebKit/537.36 (KHTML, like Gecko) Chrome/59.0.3071.115 Safari/537.36"
::1 - - [11/Aug/2017:19:19:35 +0000] "GET /hammer.min.js HTTP/1.1" 200 - "https://localhost:5553/" "Mozilla/5.0 (Macintosh; Intel Mac OS X 10_12_5) AppleWebKit/537.36 (KHTML, like Gecko) Chrome/59.0.3071.115 Safari/537.36"
::1 - - [11/Aug/2017:19:19:35 +0000] "GET /index.js HTTP/1.1" 200 - "https://localhost:5553/" "Mozilla/5.0 (Macintosh; Intel Mac OS X 10_12_5) AppleWebKit/537.36 (KHTML, like Gecko) Chrome/59.0.3071.115 Safari/537.36"
::1 - - [11/Aug/2017:19:19:36 +0000] "GET /0.index.js HTTP/1.1" 200 - "https://localhost:5553/" "Mozilla/5.0 (Macintosh; Intel Mac OS X 10_12_5) AppleWebKit/537.36 (KHTML, like Gecko) Chrome/59.0.3071.115 Safari/537.36"
::1 - - [11/Aug/2017:19:19:39 +0000] "GET / HTTP/1.1" 200 - "-" "Mozilla/5.0 (Macintosh; Intel Mac OS X 10_12_5) AppleWebKit/537.36 (KHTML, like Gecko) Chrome/59.0.3071.115 Safari/537.36"
::1 - - [11/Aug/2017:19:19:39 +0000] "GET /styles.css HTTP/1.1" 200 - "https://localhost:5553/" "Mozilla/5.0 (Macintosh; Intel Mac OS X 10_12_5) AppleWebKit/537.36 (KHTML, like Gecko) Chrome/59.0.3071.115 Safari/537.36"
::1 - - [11/Aug/2017:19:19:39 +0000] "GET /hammer.min.js HTTP/1.1" 200 - "https://localhost:5553/" "Mozilla/5.0 (Macintosh; Intel Mac OS X 10_12_5) AppleWebKit/537.36 (KHTML, like Gecko) Chrome/59.0.3071.115 Safari/537.36"
::1 - - [11/Aug/2017:19:19:39 +0000] "GET /index.js HTTP/1.1" 200 - "https://localhost:5553/" "Mozilla/5.0 (Macintosh; Intel Mac OS X 10_12_5) AppleWebKit/537.36 (KHTML, like Gecko) Chrome/59.0.3071.115 Safari/537.36"
::1 - - [11/Aug/2017:19:19:39 +0000] "GET /0.index.js HTTP/1.1" 200 - "https://localhost:5553/" "Mozilla/5.0 (Macintosh; Intel Mac OS X 10_12_5) AppleWebKit/537.36 (KHTML, like Gecko) Chrome/59.0.3071.115 Safari/537.36"
::1 - - [11/Aug/2017:19:20:14 +0000] "GET / HTTP/1.1" 200 - "-" "Mozilla/5.0 (Macintosh; Intel Mac OS X 10_12_5) AppleWebKit/537.36 (KHTML, like Gecko) Chrome/59.0.3071.115 Safari/537.36"
::1 - - [11/Aug/2017:19:20:14 +0000] "GET /styles.css HTTP/1.1" 200 - "https://localhost:5553/" "Mozilla/5.0 (Macintosh; Intel Mac OS X 10_12_5) AppleWebKit/537.36 (KHTML, like Gecko) Chrome/59.0.3071.115 Safari/537.36"
::1 - - [11/Aug/2017:19:20:14 +0000] "GET /hammer.min.js HTTP/1.1" 200 - "https://localhost:5553/" "Mozilla/5.0 (Macintosh; Intel Mac OS X 10_12_5) AppleWebKit/537.36 (KHTML, like Gecko) Chrome/59.0.3071.115 Safari/537.36"
::1 - - [11/Aug/2017:19:20:14 +0000] "GET /index.js HTTP/1.1" 200 - "https://localhost:5553/" "Mozilla/5.0 (Macintosh; Intel Mac OS X 10_12_5) AppleWebKit/537.36 (KHTML, like Gecko) Chrome/59.0.3071.115 Safari/537.36"
::1 - - [11/Aug/2017:19:20:15 +0000] "GET /0.index.js HTTP/1.1" 200 - "https://localhost:5553/" "Mozilla/5.0 (Macintosh; Intel Mac OS X 10_12_5) AppleWebKit/537.36 (KHTML, like Gecko) Chrome/59.0.3071.115 Safari/537.36"
::1 - - [11/Aug/2017:19:20:16 +0000] "GET / HTTP/1.1" 200 - "-" "Mozilla/5.0 (Macintosh; Intel Mac OS X 10_12_5) AppleWebKit/537.36 (KHTML, like Gecko) Chrome/59.0.3071.115 Safari/537.36"
::1 - - [11/Aug/2017:19:20:16 +0000] "GET /styles.css HTTP/1.1" 200 - "https://localhost:5553/" "Mozilla/5.0 (Macintosh; Intel Mac OS X 10_12_5) AppleWebKit/537.36 (KHTML, like Gecko) Chrome/59.0.3071.115 Safari/537.36"
::1 - - [11/Aug/2017:19:20:16 +0000] "GET /hammer.min.js HTTP/1.1" 200 - "https://localhost:5553/" "Mozilla/5.0 (Macintosh; Intel Mac OS X 10_12_5) AppleWebKit/537.36 (KHTML, like Gecko) Chrome/59.0.3071.115 Safari/537.36"
::1 - - [11/Aug/2017:19:20:16 +0000] "GET /index.js HTTP/1.1" 200 - "https://localhost:5553/" "Mozilla/5.0 (Macintosh; Intel Mac OS X 10_12_5) AppleWebKit/537.36 (KHTML, like Gecko) Chrome/59.0.3071.115 Safari/537.36"
::1 - - [11/Aug/2017:19:20:17 +0000] "GET /0.index.js HTTP/1.1" 200 - "https://localhost:5553/" "Mozilla/5.0 (Macintosh; Intel Mac OS X 10_12_5) AppleWebKit/537.36 (KHTML, like Gecko) Chrome/59.0.3071.115 Safari/537.36"
::1 - - [11/Aug/2017:19:21:53 +0000] "GET / HTTP/1.1" 200 - "-" "Mozilla/5.0 (Macintosh; Intel Mac OS X 10_12_5) AppleWebKit/537.36 (KHTML, like Gecko) Chrome/59.0.3071.115 Safari/537.36"
::1 - - [11/Aug/2017:19:21:53 +0000] "GET /styles.css HTTP/1.1" 404 9 "https://localhost:5553/" "Mozilla/5.0 (Macintosh; Intel Mac OS X 10_12_5) AppleWebKit/537.36 (KHTML, like Gecko) Chrome/59.0.3071.115 Safari/537.36"
::1 - - [11/Aug/2017:19:21:53 +0000] "GET /hammer.min.js HTTP/1.1" 404 9 "https://localhost:5553/" "Mozilla/5.0 (Macintosh; Intel Mac OS X 10_12_5) AppleWebKit/537.36 (KHTML, like Gecko) Chrome/59.0.3071.115 Safari/537.36"
::1 - - [11/Aug/2017:19:21:53 +0000] "GET /index.js HTTP/1.1" 404 9 "https://localhost:5553/" "Mozilla/5.0 (Macintosh; Intel Mac OS X 10_12_5) AppleWebKit/537.36 (KHTML, like Gecko) Chrome/59.0.3071.115 Safari/537.36"
::1 - - [11/Aug/2017:19:21:53 +0000] "GET /index.js HTTP/1.1" 404 9 "https://localhost:5553/" "Mozilla/5.0 (Macintosh; Intel Mac OS X 10_12_5) AppleWebKit/537.36 (KHTML, like Gecko) Chrome/59.0.3071.115 Safari/537.36"
::1 - - [11/Aug/2017:19:21:59 +0000] "GET / HTTP/1.1" 200 - "-" "Mozilla/5.0 (Macintosh; Intel Mac OS X 10_12_5) AppleWebKit/537.36 (KHTML, like Gecko) Chrome/59.0.3071.115 Safari/537.36"
::1 - - [11/Aug/2017:19:21:59 +0000] "GET /styles.css HTTP/1.1" 404 9 "https://localhost:5553/" "Mozilla/5.0 (Macintosh; Intel Mac OS X 10_12_5) AppleWebKit/537.36 (KHTML, like Gecko) Chrome/59.0.3071.115 Safari/537.36"
::1 - - [11/Aug/2017:19:21:59 +0000] "GET /hammer.min.js HTTP/1.1" 404 9 "https://localhost:5553/" "Mozilla/5.0 (Macintosh; Intel Mac OS X 10_12_5) AppleWebKit/537.36 (KHTML, like Gecko) Chrome/59.0.3071.115 Safari/537.36"
::1 - - [11/Aug/2017:19:21:59 +0000] "GET /index.js HTTP/1.1" 404 9 "https://localhost:5553/" "Mozilla/5.0 (Macintosh; Intel Mac OS X 10_12_5) AppleWebKit/537.36 (KHTML, like Gecko) Chrome/59.0.3071.115 Safari/537.36"
::1 - - [11/Aug/2017:19:22:00 +0000] "GET /index.js HTTP/1.1" 404 9 "https://localhost:5553/" "Mozilla/5.0 (Macintosh; Intel Mac OS X 10_12_5) AppleWebKit/537.36 (KHTML, like Gecko) Chrome/59.0.3071.115 Safari/537.36"
::1 - - [11/Aug/2017:19:22:03 +0000] "GET / HTTP/1.1" 200 - "-" "Mozilla/5.0 (Macintosh; Intel Mac OS X 10_12_5) AppleWebKit/537.36 (KHTML, like Gecko) Chrome/59.0.3071.115 Safari/537.36"
::1 - - [11/Aug/2017:19:22:03 +0000] "GET /styles.css HTTP/1.1" 404 9 "https://localhost:5553/" "Mozilla/5.0 (Macintosh; Intel Mac OS X 10_12_5) AppleWebKit/537.36 (KHTML, like Gecko) Chrome/59.0.3071.115 Safari/537.36"
::1 - - [11/Aug/2017:19:22:03 +0000] "GET /hammer.min.js HTTP/1.1" 404 9 "https://localhost:5553/" "Mozilla/5.0 (Macintosh; Intel Mac OS X 10_12_5) AppleWebKit/537.36 (KHTML, like Gecko) Chrome/59.0.3071.115 Safari/537.36"
::1 - - [11/Aug/2017:19:22:03 +0000] "GET /index.js HTTP/1.1" 404 9 "https://localhost:5553/" "Mozilla/5.0 (Macintosh; Intel Mac OS X 10_12_5) AppleWebKit/537.36 (KHTML, like Gecko) Chrome/59.0.3071.115 Safari/537.36"
::1 - - [11/Aug/2017:19:22:03 +0000] "GET /index.js HTTP/1.1" 404 9 "https://localhost:5553/" "Mozilla/5.0 (Macintosh; Intel Mac OS X 10_12_5) AppleWebKit/537.36 (KHTML, like Gecko) Chrome/59.0.3071.115 Safari/537.36"
::1 - - [11/Aug/2017:19:22:04 +0000] "GET / HTTP/1.1" 200 - "-" "Mozilla/5.0 (Macintosh; Intel Mac OS X 10_12_5) AppleWebKit/537.36 (KHTML, like Gecko) Chrome/59.0.3071.115 Safari/537.36"
::1 - - [11/Aug/2017:19:22:04 +0000] "GET /styles.css HTTP/1.1" 404 9 "https://localhost:5553/" "Mozilla/5.0 (Macintosh; Intel Mac OS X 10_12_5) AppleWebKit/537.36 (KHTML, like Gecko) Chrome/59.0.3071.115 Safari/537.36"
::1 - - [11/Aug/2017:19:22:04 +0000] "GET /hammer.min.js HTTP/1.1" 404 9 "https://localhost:5553/" "Mozilla/5.0 (Macintosh; Intel Mac OS X 10_12_5) AppleWebKit/537.36 (KHTML, like Gecko) Chrome/59.0.3071.115 Safari/537.36"
::1 - - [11/Aug/2017:19:22:04 +0000] "GET /index.js HTTP/1.1" 404 9 "https://localhost:5553/" "Mozilla/5.0 (Macintosh; Intel Mac OS X 10_12_5) AppleWebKit/537.36 (KHTML, like Gecko) Chrome/59.0.3071.115 Safari/537.36"
::1 - - [11/Aug/2017:19:22:04 +0000] "GET /index.js HTTP/1.1" 404 9 "https://localhost:5553/" "Mozilla/5.0 (Macintosh; Intel Mac OS X 10_12_5) AppleWebKit/537.36 (KHTML, like Gecko) Chrome/59.0.3071.115 Safari/537.36"
::1 - - [11/Aug/2017:19:22:05 +0000] "GET / HTTP/1.1" 200 - "-" "Mozilla/5.0 (Macintosh; Intel Mac OS X 10_12_5) AppleWebKit/537.36 (KHTML, like Gecko) Chrome/59.0.3071.115 Safari/537.36"
::1 - - [11/Aug/2017:19:22:05 +0000] "GET /styles.css HTTP/1.1" 404 9 "https://localhost:5553/" "Mozilla/5.0 (Macintosh; Intel Mac OS X 10_12_5) AppleWebKit/537.36 (KHTML, like Gecko) Chrome/59.0.3071.115 Safari/537.36"
::1 - - [11/Aug/2017:19:22:05 +0000] "GET /hammer.min.js HTTP/1.1" 404 9 "https://localhost:5553/" "Mozilla/5.0 (Macintosh; Intel Mac OS X 10_12_5) AppleWebKit/537.36 (KHTML, like Gecko) Chrome/59.0.3071.115 Safari/537.36"
::1 - - [11/Aug/2017:19:22:05 +0000] "GET /index.js HTTP/1.1" 404 9 "https://localhost:5553/" "Mozilla/5.0 (Macintosh; Intel Mac OS X 10_12_5) AppleWebKit/537.36 (KHTML, like Gecko) Chrome/59.0.3071.115 Safari/537.36"
::1 - - [11/Aug/2017:19:22:05 +0000] "GET /index.js HTTP/1.1" 404 9 "https://localhost:5553/" "Mozilla/5.0 (Macintosh; Intel Mac OS X 10_12_5) AppleWebKit/537.36 (KHTML, like Gecko) Chrome/59.0.3071.115 Safari/537.36"
::1 - - [11/Aug/2017:19:22:05 +0000] "GET / HTTP/1.1" 200 - "-" "Mozilla/5.0 (Macintosh; Intel Mac OS X 10_12_5) AppleWebKit/537.36 (KHTML, like Gecko) Chrome/59.0.3071.115 Safari/537.36"
::1 - - [11/Aug/2017:19:22:05 +0000] "GET /styles.css HTTP/1.1" 404 9 "https://localhost:5553/" "Mozilla/5.0 (Macintosh; Intel Mac OS X 10_12_5) AppleWebKit/537.36 (KHTML, like Gecko) Chrome/59.0.3071.115 Safari/537.36"
::1 - - [11/Aug/2017:19:22:05 +0000] "GET /hammer.min.js HTTP/1.1" 404 9 "https://localhost:5553/" "Mozilla/5.0 (Macintosh; Intel Mac OS X 10_12_5) AppleWebKit/537.36 (KHTML, like Gecko) Chrome/59.0.3071.115 Safari/537.36"
::1 - - [11/Aug/2017:19:22:05 +0000] "GET /index.js HTTP/1.1" 404 9 "https://localhost:5553/" "Mozilla/5.0 (Macintosh; Intel Mac OS X 10_12_5) AppleWebKit/537.36 (KHTML, like Gecko) Chrome/59.0.3071.115 Safari/537.36"
::1 - - [11/Aug/2017:19:22:05 +0000] "GET /index.js HTTP/1.1" 404 9 "https://localhost:5553/" "Mozilla/5.0 (Macintosh; Intel Mac OS X 10_12_5) AppleWebKit/537.36 (KHTML, like Gecko) Chrome/59.0.3071.115 Safari/537.36"
